---- light / ericw-tools v0.18.1 ----
Raytracing backend: Embree
running with 8 threads
LoadBSPFile: 'TestMap.bsp'
BSP is version 29
--- LoadEntities ---
12 entities read, 7 are lights.
--- OptionsSummary ---
Embree_TraceInit: Embree version: 2.15.0
Embree_TraceInit:
	0 sky faces
	82 solid faces
	0 filtered faces
	0 shadow-casting skip faces
SetupLights: 7 initial lights
SetupLights: 7 after surface lights
SetupLights: 7 after jittering
--- EstimateLightVisibility ---
0....1....2....3....4....5....6....7....8..
Final count: 7 lights 0 suns in use.
--- LightWorld ---
0....1....2....3....4....5....6....7....8....9....
Lighting Completed.

lightdatasize: 7164
0 switchable light styles (32 max)
Writing TestMap.bsp as BSP version 29
0.328 seconds elapsed

stats:
1.749970 lights tested, 1.594261 hits per sample point
0.000000 bounce lights tested, 0.000000 hits per sample point
0 empty lightmaps
